This file contains any messages produced by compilers while
running configure, to aid debugging if configure makes a mistake.

It was created by libzaudio configure 0.1.3, which was
generated by GNU Autoconf 2.69.  Invocation command line was

  $ ./configure 

## --------- ##
## Platform. ##
## --------- ##

hostname = Alexanders-MacBook-Pro.local
uname -m = x86_64
uname -r = 16.4.0
uname -s = Darwin
uname -v = Darwin Kernel Version 16.4.0: Thu Dec 22 22:53:21 PST 2016; root:xnu-3789.41.3~3/RELEASE_X86_64

/usr/bin/uname -p = i386
/bin/uname -X     = unknown

/bin/arch              = unknown
/usr/bin/arch -k       = unknown
/usr/convex/getsysinfo = unknown
/usr/bin/hostinfo      = Mach kernel version:
	 Darwin Kernel Version 16.4.0: Thu Dec 22 22:53:21 PST 2016; root:xnu-3789.41.3~3/RELEASE_X86_64
Kernel configured for up to 8 processors.
4 processors are physically available.
8 processors are logically available.
Processor type: i486 (Intel 80486)
Processors active: 0 1 2 3 4 5 6 7
Primary memory available: 8.00 gigabytes
Default processor set: 311 tasks, 1370 threads, 8 processors
Load average: 2.84, Mach factor: 5.15
/bin/machine           = unknown
/usr/bin/oslevel       = unknown
/bin/universe          = unknown

PATH: /Users/alexanderzywicki/.cargo/bin
PATH: /Applications/Julia-0.5.app/Contents/Resources/julia/bin
PATH: /Users/alexanderzywicki/.cargo/bin
PATH: /Library/Frameworks/Python.framework/Versions/2.7/bin
PATH: /Library/Frameworks/Python.framework/Versions/3.5/bin
PATH: /Users/alexanderzywicki/anaconda/bin
PATH: /usr/local/bin
PATH: /usr/bin
PATH: /bin
PATH: /usr/sbin
PATH: /sbin
PATH: /opt/X11/bin
PATH: /usr/local/go/bin


## ----------- ##
## Core tests. ##
## ----------- ##

configure:2305: checking for a BSD-compatible install
configure:2373: result: /usr/bin/install -c
configure:2384: checking whether build environment is sane
configure:2439: result: yes
configure:2590: checking for a thread-safe mkdir -p
configure:2629: result: config/install-sh -c -d
configure:2636: checking for gawk
configure:2652: found /usr/local/bin/gawk
configure:2663: result: gawk
configure:2674: checking whether make sets $(MAKE)
configure:2696: result: yes
configure:2725: checking whether make supports nested variables
configure:2742: result: yes
configure:2897: checking build system type
configure:2911: result: x86_64-apple-darwin16.4.0
configure:2931: checking host system type
configure:2944: result: x86_64-apple-darwin16.4.0
configure:2985: checking how to print strings
configure:3012: result: printf
configure:3045: checking for style of include used by make
configure:3073: result: GNU
configure:3144: checking for gcc
configure:3160: found /usr/bin/gcc
configure:3171: result: gcc
configure:3400: checking for C compiler version
configure:3409: gcc --version >&5
Apple LLVM version 8.0.0 (clang-800.0.42.1)
Target: x86_64-apple-darwin16.4.0
Thread model: posix
InstalledDir: /Applications/Xcode.app/Contents/Developer/Toolchains/XcodeDefault.xctoolchain/usr/bin
Configured with: --prefix=/Applications/Xcode.app/Contents/Developer/usr --with-gxx-include-dir=/Applications/Xcode.app/Contents/Developer/Platforms/MacOSX.platform/Developer/SDKs/MacOSX10.12.sdk/usr/include/c++/4.2.1
configure:3420: $? = 0
configure:3409: gcc -v >&5
Configured with: --prefix=/Applications/Xcode.app/Contents/Developer/usr --with-gxx-include-dir=/Applications/Xcode.app/Contents/Developer/Platforms/MacOSX.platform/Developer/SDKs/MacOSX10.12.sdk/usr/include/c++/4.2.1
Apple LLVM version 8.0.0 (clang-800.0.42.1)
Target: x86_64-apple-darwin16.4.0
Thread model: posix
InstalledDir: /Applications/Xcode.app/Contents/Developer/Toolchains/XcodeDefault.xctoolchain/usr/bin
configure:3420: $? = 0
configure:3409: gcc -V >&5
clang: error: argument to '-V' is missing (expected 1 value)
clang: error: no input files
configure:3420: $? = 1
configure:3409: gcc -qversion >&5
clang: error: unknown argument: '-qversion'
clang: error: no input files
configure:3420: $? = 1
configure:3440: checking whether the C compiler works
configure:3462: gcc    conftest.c  >&5
configure:3466: $? = 0
configure:3514: result: yes
configure:3517: checking for C compiler default output file name
configure:3519: result: a.out
configure:3525: checking for suffix of executables
configure:3532: gcc -o conftest    conftest.c  >&5
configure:3536: $? = 0
configure:3558: result: 
configure:3580: checking whether we are cross compiling
configure:3588: gcc -o conftest    conftest.c  >&5
configure:3592: $? = 0
configure:3599: ./conftest
configure:3603: $? = 0
configure:3618: result: no
configure:3623: checking for suffix of object files
configure:3645: gcc -c   conftest.c >&5
configure:3649: $? = 0
configure:3670: result: o
configure:3674: checking whether we are using the GNU C compiler
configure:3693: gcc -c   conftest.c >&5
configure:3693: $? = 0
configure:3702: result: yes
configure:3711: checking whether gcc accepts -g
configure:3731: gcc -c -g  conftest.c >&5
configure:3731: $? = 0
configure:3772: result: yes
configure:3789: checking for gcc option to accept ISO C89
configure:3852: gcc  -c -g -O2  conftest.c >&5
configure:3852: $? = 0
configure:3865: result: none needed
configure:3890: checking whether gcc understands -c and -o together
configure:3912: gcc -c conftest.c -o conftest2.o
configure:3915: $? = 0
configure:3912: gcc -c conftest.c -o conftest2.o
configure:3915: $? = 0
configure:3927: result: yes
configure:3946: checking dependency style of gcc
configure:4057: result: gcc3
configure:4072: checking for a sed that does not truncate output
configure:4136: result: /usr/local/bin/gsed
configure:4154: checking for grep that handles long lines and -e
configure:4212: result: /usr/bin/grep
configure:4217: checking for egrep
configure:4279: result: /usr/bin/grep -E
configure:4284: checking for fgrep
configure:4346: result: /usr/bin/grep -F
configure:4381: checking for ld used by gcc
configure:4448: result: /Applications/Xcode.app/Contents/Developer/Toolchains/XcodeDefault.xctoolchain/usr/bin/ld
configure:4455: checking if the linker (/Applications/Xcode.app/Contents/Developer/Toolchains/XcodeDefault.xctoolchain/usr/bin/ld) is GNU ld
configure:4470: result: no
configure:4482: checking for BSD- or MS-compatible name lister (nm)
configure:4536: result: /usr/bin/nm -B
configure:4666: checking the name lister (/usr/bin/nm -B) interface
configure:4673: gcc -c -g -O2  conftest.c >&5
configure:4676: /usr/bin/nm -B "conftest.o"
configure:4679: output
00000000000001f4 S _some_variable
configure:4686: result: BSD nm
configure:4689: checking whether ln -s works
configure:4693: result: yes
configure:4701: checking the maximum length of command line arguments
configure:4832: result: 196608
configure:4880: checking how to convert x86_64-apple-darwin16.4.0 file names to x86_64-apple-darwin16.4.0 format
configure:4920: result: func_convert_file_noop
configure:4927: checking how to convert x86_64-apple-darwin16.4.0 file names to toolchain format
configure:4947: result: func_convert_file_noop
configure:4954: checking for /Applications/Xcode.app/Contents/Developer/Toolchains/XcodeDefault.xctoolchain/usr/bin/ld option to reload object files
configure:4961: result: -r
configure:5035: checking for objdump
configure:5051: found /usr/bin/objdump
configure:5062: result: objdump
configure:5094: checking how to recognize dependent libraries
configure:5294: result: pass_all
configure:5379: checking for dlltool
configure:5409: result: no
configure:5439: checking how to associate runtime and link libraries
configure:5466: result: printf %s\n
configure:5527: checking for ar
configure:5543: found /usr/bin/ar
configure:5554: result: ar
configure:5591: checking for archiver @FILE support
configure:5608: gcc -c -g -O2  conftest.c >&5
configure:5608: $? = 0
configure:5611: ar cru libconftest.a @conftest.lst >&5
ar: @conftest.lst: No such file or directory
configure:5614: $? = 1
configure:5634: result: no
configure:5692: checking for strip
configure:5708: found /usr/bin/strip
configure:5719: result: strip
configure:5791: checking for ranlib
configure:5807: found /usr/bin/ranlib
configure:5818: result: ranlib
configure:5920: checking command to parse /usr/bin/nm -B output from gcc object
configure:6073: gcc -c -g -O2  conftest.c >&5
configure:6076: $? = 0
configure:6080: /usr/bin/nm -B conftest.o \| sed -n -e 's/^.*[ ]\([BCDEGRST][BCDEGRST]*\)[ ][ ]*\([_A-Za-z][_A-Za-z0-9]*\)$/\1 \2 \2/p' | sed '/ __gnu_lto/d' \> conftest.nm
configure:6083: $? = 0
cannot find nm_test_var in conftest.nm
configure:6073: gcc -c -g -O2  conftest.c >&5
configure:6076: $? = 0
configure:6080: /usr/bin/nm -B conftest.o \| sed -n -e 's/^.*[ ]\([BCDEGRST][BCDEGRST]*\)[ ][ ]*_\([_A-Za-z][_A-Za-z0-9]*\)$/\1 _\2 \2/p' | sed '/ __gnu_lto/d' \> conftest.nm
configure:6083: $? = 0
configure:6149: gcc -o conftest -g -O2   conftest.c conftstm.o >&5
warning: (x86_64)  could not find object file symbol for symbol _main
configure:6152: $? = 0
configure:6190: result: ok
configure:6237: checking for sysroot
configure:6267: result: no
configure:6274: checking for a working dd
configure:6312: result: /bin/dd
configure:6316: checking how to truncate binary pipes
configure:6331: result: /bin/dd bs=4096 count=1
configure:6660: checking for mt
configure:6690: result: no
configure:6710: checking if : is a manifest tool
configure:6716: : '-?'
configure:6724: result: no
configure:6780: checking for dsymutil
configure:6796: found /usr/bin/dsymutil
configure:6807: result: dsymutil
configure:6872: checking for nmedit
configure:6888: found /usr/bin/nmedit
configure:6899: result: nmedit
configure:6964: checking for lipo
configure:6980: found /usr/bin/lipo
configure:6991: result: lipo
configure:7056: checking for otool
configure:7072: found /usr/bin/otool
configure:7083: result: otool
configure:7148: checking for otool64
configure:7178: result: no
configure:7223: checking for -single_module linker flag
gcc -g -O2  -o libconftest.dylib -dynamiclib -Wl,-single_module conftest.c
configure:7256: result: yes
configure:7259: checking for -exported_symbols_list linker flag
configure:7279: gcc -o conftest -g -O2   -Wl,-exported_symbols_list,conftest.sym conftest.c  >&5
configure:7279: $? = 0
configure:7289: result: yes
configure:7292: checking for -force_load linker flag
gcc -g -O2 -c -o conftest.o conftest.c
ar cru libconftest.a conftest.o
ranlib libconftest.a
gcc -g -O2  -o conftest conftest.c -Wl,-force_load,./libconftest.a
configure:7324: result: yes
configure:7401: checking how to run the C preprocessor
configure:7432: gcc -E  conftest.c
configure:7432: $? = 0
configure:7446: gcc -E  conftest.c
conftest.c:11:10: fatal error: 'ac_nonexistent.h' file not found
#include <ac_nonexistent.h>
         ^
1 error generated.
configure:7446: $? = 1
configure: failed program was:
| /* confdefs.h */
| #define PACKAGE_NAME "libzaudio"
| #define PACKAGE_TARNAME "libzaudio"
| #define PACKAGE_VERSION "0.1.3"
| #define PACKAGE_STRING "libzaudio 0.1.3"
| #define PACKAGE_BUGREPORT "alexander.zywicki@gmail.com"
| #define PACKAGE_URL ""
| #define PACKAGE "libzaudio"
| #define VERSION "0.1.3"
| /* end confdefs.h.  */
| #include <ac_nonexistent.h>
configure:7471: result: gcc -E
configure:7491: gcc -E  conftest.c
configure:7491: $? = 0
configure:7505: gcc -E  conftest.c
conftest.c:11:10: fatal error: 'ac_nonexistent.h' file not found
#include <ac_nonexistent.h>
         ^
1 error generated.
configure:7505: $? = 1
configure: failed program was:
| /* confdefs.h */
| #define PACKAGE_NAME "libzaudio"
| #define PACKAGE_TARNAME "libzaudio"
| #define PACKAGE_VERSION "0.1.3"
| #define PACKAGE_STRING "libzaudio 0.1.3"
| #define PACKAGE_BUGREPORT "alexander.zywicki@gmail.com"
| #define PACKAGE_URL ""
| #define PACKAGE "libzaudio"
| #define VERSION "0.1.3"
| /* end confdefs.h.  */
| #include <ac_nonexistent.h>
configure:7534: checking for ANSI C header files
configure:7554: gcc -c -g -O2  conftest.c >&5
configure:7554: $? = 0
configure:7627: gcc -o conftest -g -O2   conftest.c  >&5
configure:7627: $? = 0
configure:7627: ./conftest
configure:7627: $? = 0
configure:7638: result: yes
configure:7651: checking for sys/types.h
configure:7651: gcc -c -g -O2  conftest.c >&5
configure:7651: $? = 0
configure:7651: result: yes
configure:7651: checking for sys/stat.h
configure:7651: gcc -c -g -O2  conftest.c >&5
configure:7651: $? = 0
configure:7651: result: yes
configure:7651: checking for stdlib.h
configure:7651: gcc -c -g -O2  conftest.c >&5
configure:7651: $? = 0
configure:7651: result: yes
configure:7651: checking for string.h
configure:7651: gcc -c -g -O2  conftest.c >&5
configure:7651: $? = 0
configure:7651: result: yes
configure:7651: checking for memory.h
configure:7651: gcc -c -g -O2  conftest.c >&5
configure:7651: $? = 0
configure:7651: result: yes
configure:7651: checking for strings.h
configure:7651: gcc -c -g -O2  conftest.c >&5
configure:7651: $? = 0
configure:7651: result: yes
configure:7651: checking for inttypes.h
configure:7651: gcc -c -g -O2  conftest.c >&5
configure:7651: $? = 0
configure:7651: result: yes
configure:7651: checking for stdint.h
configure:7651: gcc -c -g -O2  conftest.c >&5
configure:7651: $? = 0
configure:7651: result: yes
configure:7651: checking for unistd.h
configure:7651: gcc -c -g -O2  conftest.c >&5
configure:7651: $? = 0
configure:7651: result: yes
configure:7665: checking for dlfcn.h
configure:7665: gcc -c -g -O2  conftest.c >&5
configure:7665: $? = 0
configure:7665: result: yes
configure:7921: checking for objdir
configure:7936: result: .libs
configure:8200: checking if gcc supports -fno-rtti -fno-exceptions
configure:8218: gcc -c -g -O2  -fno-rtti -fno-exceptions conftest.c >&5
configure:8222: $? = 0
configure:8235: result: yes
configure:8593: checking for gcc option to produce PIC
configure:8600: result: -fno-common -DPIC
configure:8608: checking if gcc PIC flag -fno-common -DPIC works
configure:8626: gcc -c -g -O2  -fno-common -DPIC -DPIC conftest.c >&5
configure:8630: $? = 0
configure:8643: result: yes
configure:8672: checking if gcc static flag -static works
configure:8700: result: no
configure:8715: checking if gcc supports -c -o file.o
configure:8736: gcc -c -g -O2  -o out/conftest2.o conftest.c >&5
configure:8740: $? = 0
configure:8762: result: yes
configure:8770: checking if gcc supports -c -o file.o
configure:8817: result: yes
configure:8850: checking whether the gcc linker (/Applications/Xcode.app/Contents/Developer/Toolchains/XcodeDefault.xctoolchain/usr/bin/ld) supports shared libraries
configure:10109: result: yes
configure:10349: checking dynamic linker characteristics
configure:11167: result: darwin16.4.0 dyld
configure:11289: checking how to hardcode library paths into programs
configure:11314: result: immediate
configure:11862: checking whether stripping libraries is possible
configure:11876: result: yes
configure:11902: checking if libtool supports shared libraries
configure:11904: result: yes
configure:11907: checking whether to build shared libraries
configure:11932: result: yes
configure:11935: checking whether to build static libraries
configure:11939: result: yes
configure:12036: checking for g++
configure:12052: found /usr/bin/g++
configure:12063: result: g++
configure:12090: checking for C++ compiler version
configure:12099: g++ --version >&5
Apple LLVM version 8.0.0 (clang-800.0.42.1)
Target: x86_64-apple-darwin16.4.0
Thread model: posix
InstalledDir: /Applications/Xcode.app/Contents/Developer/Toolchains/XcodeDefault.xctoolchain/usr/bin
Configured with: --prefix=/Applications/Xcode.app/Contents/Developer/usr --with-gxx-include-dir=/Applications/Xcode.app/Contents/Developer/Platforms/MacOSX.platform/Developer/SDKs/MacOSX10.12.sdk/usr/include/c++/4.2.1
configure:12110: $? = 0
configure:12099: g++ -v >&5
Configured with: --prefix=/Applications/Xcode.app/Contents/Developer/usr --with-gxx-include-dir=/Applications/Xcode.app/Contents/Developer/Platforms/MacOSX.platform/Developer/SDKs/MacOSX10.12.sdk/usr/include/c++/4.2.1
Apple LLVM version 8.0.0 (clang-800.0.42.1)
Target: x86_64-apple-darwin16.4.0
Thread model: posix
InstalledDir: /Applications/Xcode.app/Contents/Developer/Toolchains/XcodeDefault.xctoolchain/usr/bin
configure:12110: $? = 0
configure:12099: g++ -V >&5
clang: error: argument to '-V' is missing (expected 1 value)
clang: error: no input files
configure:12110: $? = 1
configure:12099: g++ -qversion >&5
clang: error: unknown argument: '-qversion'
clang: error: no input files
configure:12110: $? = 1
configure:12114: checking whether we are using the GNU C++ compiler
configure:12133: g++ -c   conftest.cpp >&5
configure:12133: $? = 0
configure:12142: result: yes
configure:12151: checking whether g++ accepts -g
configure:12171: g++ -c -g  conftest.cpp >&5
configure:12171: $? = 0
configure:12212: result: yes
configure:12237: checking dependency style of g++
configure:12348: result: gcc3
configure:12381: checking how to run the C++ preprocessor
configure:12408: g++ -E  conftest.cpp
configure:12408: $? = 0
configure:12422: g++ -E  conftest.cpp
conftest.cpp:23:10: fatal error: 'ac_nonexistent.h' file not found
#include <ac_nonexistent.h>
         ^
1 error generated.
configure:12422: $? = 1
configure: failed program was:
| /* confdefs.h */
| #define PACKAGE_NAME "libzaudio"
| #define PACKAGE_TARNAME "libzaudio"
| #define PACKAGE_VERSION "0.1.3"
| #define PACKAGE_STRING "libzaudio 0.1.3"
| #define PACKAGE_BUGREPORT "alexander.zywicki@gmail.com"
| #define PACKAGE_URL ""
| #define PACKAGE "libzaudio"
| #define VERSION "0.1.3"
| #define STDC_HEADERS 1
| #define HAVE_SYS_TYPES_H 1
| #define HAVE_SYS_STAT_H 1
| #define HAVE_STDLIB_H 1
| #define HAVE_STRING_H 1
| #define HAVE_MEMORY_H 1
| #define HAVE_STRINGS_H 1
| #define HAVE_INTTYPES_H 1
| #define HAVE_STDINT_H 1
| #define HAVE_UNISTD_H 1
| #define HAVE_DLFCN_H 1
| #define LT_OBJDIR ".libs/"
| /* end confdefs.h.  */
| #include <ac_nonexistent.h>
configure:12447: result: g++ -E
configure:12467: g++ -E  conftest.cpp
configure:12467: $? = 0
configure:12481: g++ -E  conftest.cpp
conftest.cpp:23:10: fatal error: 'ac_nonexistent.h' file not found
#include <ac_nonexistent.h>
         ^
1 error generated.
configure:12481: $? = 1
configure: failed program was:
| /* confdefs.h */
| #define PACKAGE_NAME "libzaudio"
| #define PACKAGE_TARNAME "libzaudio"
| #define PACKAGE_VERSION "0.1.3"
| #define PACKAGE_STRING "libzaudio 0.1.3"
| #define PACKAGE_BUGREPORT "alexander.zywicki@gmail.com"
| #define PACKAGE_URL ""
| #define PACKAGE "libzaudio"
| #define VERSION "0.1.3"
| #define STDC_HEADERS 1
| #define HAVE_SYS_TYPES_H 1
| #define HAVE_SYS_STAT_H 1
| #define HAVE_STDLIB_H 1
| #define HAVE_STRING_H 1
| #define HAVE_MEMORY_H 1
| #define HAVE_STRINGS_H 1
| #define HAVE_INTTYPES_H 1
| #define HAVE_STDINT_H 1
| #define HAVE_UNISTD_H 1
| #define HAVE_DLFCN_H 1
| #define LT_OBJDIR ".libs/"
| /* end confdefs.h.  */
| #include <ac_nonexistent.h>
configure:12643: checking for ld used by g++
configure:12710: result: /Applications/Xcode.app/Contents/Developer/Toolchains/XcodeDefault.xctoolchain/usr/bin/ld
configure:12717: checking if the linker (/Applications/Xcode.app/Contents/Developer/Toolchains/XcodeDefault.xctoolchain/usr/bin/ld) is GNU ld
configure:12732: result: no
configure:12787: checking whether the g++ linker (/Applications/Xcode.app/Contents/Developer/Toolchains/XcodeDefault.xctoolchain/usr/bin/ld) supports shared libraries
configure:13860: result: yes
configure:13896: g++ -c -g -O2  conftest.cpp >&5
configure:13899: $? = 0
configure:14380: checking for g++ option to produce PIC
configure:14387: result: -fno-common -DPIC
configure:14395: checking if g++ PIC flag -fno-common -DPIC works
configure:14413: g++ -c -g -O2  -fno-common -DPIC -DPIC conftest.cpp >&5
configure:14417: $? = 0
configure:14430: result: yes
configure:14453: checking if g++ static flag -static works
configure:14481: result: no
configure:14493: checking if g++ supports -c -o file.o
configure:14514: g++ -c -g -O2  -o out/conftest2.o conftest.cpp >&5
configure:14518: $? = 0
configure:14540: result: yes
configure:14545: checking if g++ supports -c -o file.o
configure:14592: result: yes
configure:14622: checking whether the g++ linker (/Applications/Xcode.app/Contents/Developer/Toolchains/XcodeDefault.xctoolchain/usr/bin/ld) supports shared libraries
configure:14662: result: yes
configure:14803: checking dynamic linker characteristics
configure:15548: result: darwin16.4.0 dyld
configure:15613: checking how to hardcode library paths into programs
configure:15638: result: immediate
configure:15827: checking that generated files are newer than configure
configure:15833: result: done
configure:15860: creating ./config.status

## ---------------------- ##
## Running config.status. ##
## ---------------------- ##

This file was extended by libzaudio config.status 0.1.3, which was
generated by GNU Autoconf 2.69.  Invocation command line was

  CONFIG_FILES    = 
  CONFIG_HEADERS  = 
  CONFIG_LINKS    = 
  CONFIG_COMMANDS = 
  $ ./config.status 

on Alexanders-MacBook-Pro.local

config.status:1068: creating Makefile
config.status:1068: creating src/Makefile
config.status:1068: creating examples/Makefile
config.status:1240: executing depfiles commands
config.status:1240: executing libtool commands

## ---------------- ##
## Cache variables. ##
## ---------------- ##

ac_cv_build=x86_64-apple-darwin16.4.0
ac_cv_c_compiler_gnu=yes
ac_cv_cxx_compiler_gnu=yes
ac_cv_env_CCC_set=
ac_cv_env_CCC_value=
ac_cv_env_CC_set=
ac_cv_env_CC_value=
ac_cv_env_CFLAGS_set=
ac_cv_env_CFLAGS_value=
ac_cv_env_CPPFLAGS_set=
ac_cv_env_CPPFLAGS_value=
ac_cv_env_CPP_set=
ac_cv_env_CPP_value=
ac_cv_env_CXXCPP_set=
ac_cv_env_CXXCPP_value=
ac_cv_env_CXXFLAGS_set=
ac_cv_env_CXXFLAGS_value=
ac_cv_env_CXX_set=
ac_cv_env_CXX_value=
ac_cv_env_LDFLAGS_set=
ac_cv_env_LDFLAGS_value=
ac_cv_env_LIBS_set=
ac_cv_env_LIBS_value=
ac_cv_env_LT_SYS_LIBRARY_PATH_set=
ac_cv_env_LT_SYS_LIBRARY_PATH_value=
ac_cv_env_build_alias_set=
ac_cv_env_build_alias_value=
ac_cv_env_host_alias_set=
ac_cv_env_host_alias_value=
ac_cv_env_target_alias_set=
ac_cv_env_target_alias_value=
ac_cv_header_dlfcn_h=yes
ac_cv_header_inttypes_h=yes
ac_cv_header_memory_h=yes
ac_cv_header_stdc=yes
ac_cv_header_stdint_h=yes
ac_cv_header_stdlib_h=yes
ac_cv_header_string_h=yes
ac_cv_header_strings_h=yes
ac_cv_header_sys_stat_h=yes
ac_cv_header_sys_types_h=yes
ac_cv_header_unistd_h=yes
ac_cv_host=x86_64-apple-darwin16.4.0
ac_cv_objext=o
ac_cv_path_EGREP='/usr/bin/grep -E'
ac_cv_path_FGREP='/usr/bin/grep -F'
ac_cv_path_GREP=/usr/bin/grep
ac_cv_path_SED=/usr/local/bin/gsed
ac_cv_path_install='/usr/bin/install -c'
ac_cv_path_lt_DD=/bin/dd
ac_cv_prog_AWK=gawk
ac_cv_prog_CPP='gcc -E'
ac_cv_prog_CXXCPP='g++ -E'
ac_cv_prog_ac_ct_AR=ar
ac_cv_prog_ac_ct_CC=gcc
ac_cv_prog_ac_ct_CXX=g++
ac_cv_prog_ac_ct_DSYMUTIL=dsymutil
ac_cv_prog_ac_ct_LIPO=lipo
ac_cv_prog_ac_ct_NMEDIT=nmedit
ac_cv_prog_ac_ct_OBJDUMP=objdump
ac_cv_prog_ac_ct_OTOOL=otool
ac_cv_prog_ac_ct_RANLIB=ranlib
ac_cv_prog_ac_ct_STRIP=strip
ac_cv_prog_cc_c89=
ac_cv_prog_cc_g=yes
ac_cv_prog_cxx_g=yes
ac_cv_prog_make_make_set=yes
am_cv_CC_dependencies_compiler_type=gcc3
am_cv_CXX_dependencies_compiler_type=gcc3
am_cv_make_support_nested_variables=yes
am_cv_prog_cc_c_o=yes
lt_cv_apple_cc_single_mod=yes
lt_cv_ar_at_file=no
lt_cv_deplibs_check_method=pass_all
lt_cv_file_magic_cmd='$MAGIC_CMD'
lt_cv_file_magic_test_file=
lt_cv_ld_exported_symbols_list=yes
lt_cv_ld_force_load=yes
lt_cv_ld_reload_flag=-r
lt_cv_nm_interface='BSD nm'
lt_cv_objdir=.libs
lt_cv_path_LD=/Applications/Xcode.app/Contents/Developer/Toolchains/XcodeDefault.xctoolchain/usr/bin/ld
lt_cv_path_LDCXX=/Applications/Xcode.app/Contents/Developer/Toolchains/XcodeDefault.xctoolchain/usr/bin/ld
lt_cv_path_NM='/usr/bin/nm -B'
lt_cv_path_mainfest_tool=no
lt_cv_prog_compiler_c_o=yes
lt_cv_prog_compiler_c_o_CXX=yes
lt_cv_prog_compiler_pic='-fno-common -DPIC'
lt_cv_prog_compiler_pic_CXX='-fno-common -DPIC'
lt_cv_prog_compiler_pic_works=yes
lt_cv_prog_compiler_pic_works_CXX=yes
lt_cv_prog_compiler_rtti_exceptions=yes
lt_cv_prog_compiler_static_works=no
lt_cv_prog_compiler_static_works_CXX=no
lt_cv_prog_gnu_ld=no
lt_cv_prog_gnu_ldcxx=no
lt_cv_sharedlib_from_linklib_cmd='printf %s\n'
lt_cv_sys_global_symbol_pipe='sed -n -e '\''s/^.*[	 ]\([BCDEGRST][BCDEGRST]*\)[	 ][	 ]*_\([_A-Za-z][_A-Za-z0-9]*\)$/\1 _\2 \2/p'\'' | sed '\''/ __gnu_lto/d'\'''
lt_cv_sys_global_symbol_to_c_name_address='sed -n -e '\''s/^: \(.*\) .*$/  {"\1", (void *) 0},/p'\'' -e '\''s/^[BCDEGRST][BCDEGRST]* .* \(.*\)$/  {"\1", (void *) \&\1},/p'\'''
lt_cv_sys_global_symbol_to_c_name_address_lib_prefix='sed -n -e '\''s/^: \(.*\) .*$/  {"\1", (void *) 0},/p'\'' -e '\''s/^[BCDEGRST][BCDEGRST]* .* \(lib.*\)$/  {"\1", (void *) \&\1},/p'\'' -e '\''s/^[BCDEGRST][BCDEGRST]* .* \(.*\)$/  {"lib\1", (void *) \&\1},/p'\'''
lt_cv_sys_global_symbol_to_cdecl='sed -n -e '\''s/^T .* \(.*\)$/extern int \1();/p'\'' -e '\''s/^[BCDEGRST][BCDEGRST]* .* \(.*\)$/extern char \1;/p'\'''
lt_cv_sys_global_symbol_to_import=
lt_cv_sys_max_cmd_len=196608
lt_cv_to_host_file_cmd=func_convert_file_noop
lt_cv_to_tool_file_cmd=func_convert_file_noop
lt_cv_truncate_bin='/bin/dd bs=4096 count=1'

## ----------------- ##
## Output variables. ##
## ----------------- ##

ACLOCAL='${SHELL} /Users/alexanderzywicki/libzaudio/config/missing aclocal-1.15'
AMDEPBACKSLASH='\'
AMDEP_FALSE='#'
AMDEP_TRUE=''
AMTAR='$${TAR-tar}'
AM_BACKSLASH='\'
AM_DEFAULT_V='$(AM_DEFAULT_VERBOSITY)'
AM_DEFAULT_VERBOSITY='1'
AM_V='$(V)'
AR='ar'
AUTOCONF='${SHELL} /Users/alexanderzywicki/libzaudio/config/missing autoconf'
AUTOHEADER='${SHELL} /Users/alexanderzywicki/libzaudio/config/missing autoheader'
AUTOMAKE='${SHELL} /Users/alexanderzywicki/libzaudio/config/missing automake-1.15'
AWK='gawk'
CC='gcc'
CCDEPMODE='depmode=gcc3'
CFLAGS='-g -O2'
CPP='gcc -E'
CPPFLAGS=''
CXX='g++'
CXXCPP='g++ -E'
CXXDEPMODE='depmode=gcc3'
CXXFLAGS='-g -O2'
CYGPATH_W='echo'
DEFS='-DPACKAGE_NAME=\"libzaudio\" -DPACKAGE_TARNAME=\"libzaudio\" -DPACKAGE_VERSION=\"0.1.3\" -DPACKAGE_STRING=\"libzaudio\ 0.1.3\" -DPACKAGE_BUGREPORT=\"alexander.zywicki@gmail.com\" -DPACKAGE_URL=\"\" -DPACKAGE=\"libzaudio\" -DVERSION=\"0.1.3\" -DSTDC_HEADERS=1 -DHAVE_SYS_TYPES_H=1 -DHAVE_SYS_STAT_H=1 -DHAVE_STDLIB_H=1 -DHAVE_STRING_H=1 -DHAVE_MEMORY_H=1 -DHAVE_STRINGS_H=1 -DHAVE_INTTYPES_H=1 -DHAVE_STDINT_H=1 -DHAVE_UNISTD_H=1 -DHAVE_DLFCN_H=1 -DLT_OBJDIR=\".libs/\"'
DEPDIR='.deps'
DLLTOOL='false'
DSYMUTIL='dsymutil'
DUMPBIN=''
ECHO_C='\c'
ECHO_N=''
ECHO_T=''
EGREP='/usr/bin/grep -E'
EXEEXT=''
FGREP='/usr/bin/grep -F'
GREP='/usr/bin/grep'
INSTALL_DATA='${INSTALL} -m 644'
INSTALL_PROGRAM='${INSTALL}'
INSTALL_SCRIPT='${INSTALL}'
INSTALL_STRIP_PROGRAM='$(install_sh) -c -s'
LD='/Applications/Xcode.app/Contents/Developer/Toolchains/XcodeDefault.xctoolchain/usr/bin/ld'
LDFLAGS=''
LIBOBJS=''
LIBS=''
LIBTOOL='$(SHELL) $(top_builddir)/libtool'
LIPO='lipo'
LN_S='ln -s'
LTLIBOBJS=''
LT_SYS_LIBRARY_PATH=''
MAKEINFO='${SHELL} /Users/alexanderzywicki/libzaudio/config/missing makeinfo'
MANIFEST_TOOL=':'
MKDIR_P='config/install-sh -c -d'
NM='/usr/bin/nm -B'
NMEDIT='nmedit'
OBJDUMP='objdump'
OBJEXT='o'
OTOOL64=':'
OTOOL='otool'
PACKAGE='libzaudio'
PACKAGE_BUGREPORT='alexander.zywicki@gmail.com'
PACKAGE_NAME='libzaudio'
PACKAGE_STRING='libzaudio 0.1.3'
PACKAGE_TARNAME='libzaudio'
PACKAGE_URL=''
PACKAGE_VERSION='0.1.3'
PATH_SEPARATOR=':'
RANLIB='ranlib'
SED='/usr/local/bin/gsed'
SET_MAKE=''
SHELL='/bin/sh'
STRIP='strip'
VERSION='0.1.3'
ac_ct_AR='ar'
ac_ct_CC='gcc'
ac_ct_CXX='g++'
ac_ct_DUMPBIN=''
am__EXEEXT_FALSE=''
am__EXEEXT_TRUE='#'
am__fastdepCC_FALSE='#'
am__fastdepCC_TRUE=''
am__fastdepCXX_FALSE='#'
am__fastdepCXX_TRUE=''
am__include='include'
am__isrc=' -I$(srcdir)'
am__leading_dot='.'
am__nodep='_no'
am__quote=''
am__tar='$${TAR-tar} chof - "$$tardir"'
am__untar='$${TAR-tar} xf -'
bindir='${exec_prefix}/bin'
build='x86_64-apple-darwin16.4.0'
build_alias=''
build_cpu='x86_64'
build_os='darwin16.4.0'
build_vendor='apple'
datadir='${datarootdir}'
datarootdir='${prefix}/share'
docdir='${datarootdir}/doc/${PACKAGE_TARNAME}'
dvidir='${docdir}'
exec_prefix='${prefix}'
host='x86_64-apple-darwin16.4.0'
host_alias=''
host_cpu='x86_64'
host_os='darwin16.4.0'
host_vendor='apple'
htmldir='${docdir}'
includedir='${prefix}/include'
infodir='${datarootdir}/info'
install_sh='${SHELL} /Users/alexanderzywicki/libzaudio/config/install-sh'
libdir='${exec_prefix}/lib'
libexecdir='${exec_prefix}/libexec'
localedir='${datarootdir}/locale'
localstatedir='${prefix}/var'
mandir='${datarootdir}/man'
mkdir_p='$(MKDIR_P)'
oldincludedir='/usr/include'
pdfdir='${docdir}'
prefix='/usr/local'
program_transform_name='s,x,x,'
psdir='${docdir}'
sbindir='${exec_prefix}/sbin'
sharedstatedir='${prefix}/com'
sysconfdir='${prefix}/etc'
target_alias=''

## ----------- ##
## confdefs.h. ##
## ----------- ##

/* confdefs.h */
#define PACKAGE_NAME "libzaudio"
#define PACKAGE_TARNAME "libzaudio"
#define PACKAGE_VERSION "0.1.3"
#define PACKAGE_STRING "libzaudio 0.1.3"
#define PACKAGE_BUGREPORT "alexander.zywicki@gmail.com"
#define PACKAGE_URL ""
#define PACKAGE "libzaudio"
#define VERSION "0.1.3"
#define STDC_HEADERS 1
#define HAVE_SYS_TYPES_H 1
#define HAVE_SYS_STAT_H 1
#define HAVE_STDLIB_H 1
#define HAVE_STRING_H 1
#define HAVE_MEMORY_H 1
#define HAVE_STRINGS_H 1
#define HAVE_INTTYPES_H 1
#define HAVE_STDINT_H 1
#define HAVE_UNISTD_H 1
#define HAVE_DLFCN_H 1
#define LT_OBJDIR ".libs/"

configure: exit 0
